{
  "RSpec": {
    "coverage": {
      "/Users/nwz/mod_1_projects/4_project/spec/enigma_spec.rb": {
        "lines": [
          1,
          1,
          null,
          1,
          1,
          1,
          1,
          1,
          null,
          null,
          1,
          1,
          1,
          null,
          null,
          null,
          null,
          null,
          null,
          1,
          1,
          1,
          1,
          1,
          null,
          1,
          1,
          null,
          null,
          null,
          1,
          1,
          1,
          2,
          null,
          1,
          null,
          null,
          null,
          1,
          1,
          1,
          null,
          1,
          null,
          null,
          null,
          1,
          1,
          1,
          2,
          1,
          1,
          null,
          1,
          null,
          null,
          null,
          1,
          1,
          1,
          1,
          1,
          null,
          null,
          null,
          1,
          1,
          1,
          2,
          1,
          1,
          null,
          1,
          1,
          null,
          null,
          1,
          1,
          2,
          1,
          1,
          null,
          1,
          null,
          null,
          null,
          1,
          1,
          0,
          0,
          0,
          null,
          null,
          null,
          null,
          null,
          null,
          null,
          null
        ]
      },
      "/Users/nwz/mod_1_projects/4_project/lib/enigma.rb": {
        "lines": [
          1,
          null,
          1,
          1,
          1,
          9,
          9,
          9,
          null,
          null,
          1,
          0,
          0,
          0,
          0,
          0,
          null,
          null,
          1,
          5,
          73,
          null,
          5,
          5,
          null,
          null,
          1,
          3,
          3,
          3,
          1,
          1,
          null,
          2,
          null,
          null,
          null,
          1,
          24,
          null,
          null,
          1,
          5,
          5,
          5,
          5,
          5,
          5,
          5,
          5,
          null,
          null,
          1,
          4,
          4,
          4,
          4,
          16,
          null,
          null,
          null,
          1,
          1,
          4,
          null,
          null,
          null
        ]
      }
    },
    "timestamp": 1619139999
  }
}
