{
  "RSpec": {
    "coverage": {
      "/Users/nwz/mod_1_projects/4_project/spec/enigma_spec.rb": {
        "lines": [
          1,
          1,
          null,
          1,
          1,
          1,
          1,
          1,
          null,
          null,
          1,
          1,
          1,
          null,
          null,
          null,
          null,
          null,
          null,
          1,
          1,
          1,
          1,
          null,
          1,
          1,
          null,
          null,
          null,
          1,
          1,
          1,
          null,
          1,
          null,
          null,
          null,
          1,
          1,
          1,
          1,
          1,
          null,
          null,
          null,
          1,
          1,
          1,
          null,
          1,
          null,
          null,
          null,
          1,
          1,
          1,
          1,
          1,
          null,
          1,
          null,
          null,
          null,
          1,
          1,
          1,
          1,
          1,
          null,
          null,
          null,
          1,
          1,
          1,
          1,
          1,
          null,
          1,
          null,
          null,
          1,
          1,
          1,
          1,
          null,
          1,
          null,
          null,
          1,
          1,
          1,
          1,
          null,
          1,
          null,
          null,
          null,
          1,
          1,
          1,
          1,
          1,
          null,
          1,
          1,
          null,
          null,
          1,
          1,
          1,
          1,
          null,
          1,
          null,
          null,
          1,
          1,
          1,
          1,
          null,
          1,
          1,
          null,
          null,
          1,
          1,
          1,
          1,
          null,
          1,
          null,
          null,
          null,
          1,
          1,
          1,
          1,
          1,
          1,
          null,
          1,
          null,
          null,
          1,
          1,
          1,
          1,
          1,
          null,
          1,
          null,
          null,
          null,
          1,
          1,
          1,
          1,
          1,
          1,
          null,
          1,
          null,
          null,
          1,
          1,
          1,
          1,
          1,
          null,
          1,
          null,
          null,
          null,
          1,
          1,
          1,
          null,
          null,
          null,
          1,
          null,
          null,
          null,
          1,
          null,
          null,
          1,
          1,
          1,
          1,
          null,
          1,
          1,
          1,
          null,
          null,
          null,
          1,
          1,
          1,
          null,
          null,
          1,
          null,
          null,
          null,
          1,
          null,
          null,
          1,
          1,
          1,
          1,
          null,
          1,
          null,
          null,
          null,
          null,
          null,
          null,
          null,
          1,
          1,
          1,
          1,
          1,
          1,
          null,
          1,
          null,
          null,
          null,
          1,
          1,
          1,
          2,
          1,
          null,
          1,
          null,
          null,
          null
        ]
      },
      "/Users/nwz/mod_1_projects/4_project/lib/enigma.rb": {
        "lines": [
          1,
          1,
          1,
          25,
          25,
          25,
          null,
          null,
          1,
          5,
          5,
          5,
          5,
          5,
          5,
          5,
          null,
          null,
          1,
          3,
          3,
          3,
          3,
          3,
          3,
          3,
          null,
          null,
          1,
          25,
          5,
          20,
          4,
          16,
          null,
          null,
          null,
          null,
          1,
          5,
          5,
          5,
          40,
          null,
          null,
          null,
          1,
          8,
          2,
          2,
          null,
          6,
          null,
          null,
          null,
          1,
          6,
          6,
          6,
          6,
          6,
          6,
          6,
          null,
          null,
          1,
          1651,
          122,
          122,
          null,
          null,
          1,
          80,
          68,
          68,
          68,
          3,
          3,
          null,
          65,
          null,
          null,
          null,
          1,
          61,
          52,
          52,
          52,
          52,
          1,
          1,
          null,
          51,
          null,
          null,
          null,
          1,
          5,
          5,
          5,
          5,
          5,
          58,
          58,
          58,
          null,
          5,
          null,
          null,
          1,
          7,
          7,
          7,
          7,
          7,
          74,
          74,
          74,
          null,
          7,
          null,
          null,
          1,
          24,
          null,
          null,
          1,
          22,
          22,
          22,
          22,
          22,
          22,
          22,
          null,
          null,
          1,
          21,
          21,
          null,
          null,
          1,
          21,
          21,
          21,
          21,
          84,
          null,
          null,
          null,
          1,
          13,
          52,
          null,
          null,
          null
        ]
      }
    },
    "timestamp": 1619460681
  }
}
